Arguments: 
  /home/infinity/.nvm/versions/node/v18.18.2/bin/node /home/infinity/.nvm/versions/node/v18.18.2/bin/yarn init

PATH: 
  /home/infinity/.vscode-server/bin/f1b07bd25dfad64b0167beb15359ae573aecd2cc/bin/remote-cli:/home/infinity/.nvm/versions/node/v18.18.2/bin:/usr/local/sbin:/usr/local/bin:/usr/sbin:/usr/bin:/sbin:/bin:/usr/games:/usr/local/games:/usr/lib/wsl/lib:/mnt/c/Program Files (x86)/VMware/VMware Player/bin/:/mnt/c/Program Files (x86)/Intel/Intel(R) Management Engine Components/iCLS/:/mnt/c/Program Files/Intel/Intel(R) Management Engine Components/iCLS/:/mnt/c/Windows/system32:/mnt/c/Windows:/mnt/c/Windows/System32/Wbem:/mnt/c/Windows/System32/WindowsPowerShell/v1.0/:/mnt/c/Windows/System32/OpenSSH/:/mnt/c/Program Files (x86)/NVIDIA Corporation/PhysX/Common:/mnt/c/Program Files (x86)/Intel/Intel(R) Management Engine Components/DAL:/mnt/c/Program Files/Intel/Intel(R) Management Engine Components/DAL:/mnt/c/Program Files (x86)/Intel/Intel(R) Management Engine Components/IPT:/mnt/c/Program Files/Intel/Intel(R) Management Engine Components/IPT:/mnt/c/Program Files/Intel/WiFi/bin/:/mnt/c/Program Files/Common Files/Intel/WirelessCommon/:/mnt/c/WINDOWS/system32:/mnt/c/WINDOWS:/mnt/c/WINDOWS/System32/Wbem:/mnt/c/WINDOWS/System32/WindowsPowerShell/v1.0/:/mnt/c/WINDOWS/System32/OpenSSH/:/mnt/c/Program Files/Java/jdk-11.0.7/bin:/mnt/c/MinGW/bin:/mnt/c/Program Files/dotnet/:/mnt/c/Program Files (x86)/GnuPG/bin:/mnt/c/Program Files/Git/cmd:/mnt/c/Program Files/nodejs/:/mnt/c/Program Files/Docker/Docker/resources/bin:/mnt/c/Users/hjasa/.local/share/solana/install/active_release/bin:/mnt/c/Users/hjasa/AppData/Local/Programs/Python/Python310/Scripts/:/mnt/c/Users/hjasa/AppData/Local/Programs/Python/Python310/:/mnt/c/Users/hjasa/AppData/Local/Microsoft/WindowsApps:/mnt/c/Users/hjasa/AppData/Local/Programs/Microsoft VS Code/bin:/mnt/c/Users/hjasa/AppData/Local/atom/bin:/mnt/c/Users/hjasa/AppData/Local/GitHubDesktop/bin:/mnt/c/Users/hjasa/AppData/Local/Microsoft/WindowsApps:/mnt/c/Users/hjasa/AppData/Roaming/npm:/snap/bin

Yarn version: 
  1.22.19

Node version: 
  18.18.2

Platform: 
  linux x64

Trace: 
  Error: EISDIR: illegal operation on a directory, read

npm manifest: 
  {
    "name": "dsa",
    "version": "1.0.0",
    "description": "",
    "main": "index.js",
    "scripts": {
      "test": "echo \"Error: no test specified\" && exit 1"
    },
    "author": "",
    "license": "ISC",
    "devDependencies": {
      "typescript": "^5.2.2"
    }
  }

yarn manifest: 
  No manifest

Lockfile: 
  No lockfile
